Open connection: "Data Source="C:\Vectra\Data\PROD.db3";"
Connect: "Data Source="C:\Vectra\Data\PROD.db3";"
Open connection: "Data Source="C:\Vectra\Data\PROD.db3";"
Prepare: select t_date from acnt_period a, configuration b 
                                           where b.acnt_period = a.t_week_id 
                                           and t_Day_of_week = 6;
Execute: select t_date from acnt_period a, configuration b 
                                           where b.acnt_period = a.t_week_id 
                                           and t_Day_of_week = 6;
Open connection: "Data Source="C:\Vectra\Data\PROD.db3";"
Connect: "Data Source="C:\Vectra\Data\PROD.db3";"
Open connection: "Data Source="C:\Vectra\Data\PROD.db3";"
Prepare: Select acnt_period from configuration
Execute: Select acnt_period from configuration
Open connection: "Data Source="C:\Vectra\Data\PROD.db3";"
Connect: "Data Source="C:\Vectra\Data\PROD.db3";"
Open connection: "Data Source="C:\Vectra\Data\PROD.db3";"
Prepare: Select acnt_period from configuration
Execute: Select acnt_period from configuration
Prepare: select t_date from acnt_period a, configuration b 
                                           where b.acnt_period = a.t_week_id 
                                           and t_Day_of_week = 6;
Execute: select t_date from acnt_period a, configuration b 
                                           where b.acnt_period = a.t_week_id 
                                           and t_Day_of_week = 6;
Open connection: "Data Source="C:\Vectra\Data\PROD.db3";"
Connect: "Data Source="C:\Vectra\Data\PROD.db3";"
Open connection: "Data Source="C:\Vectra\Data\PROD.db3";"
Prepare: Select count(*) from customer
Execute: Select count(*) from customer
Prepare: select count(*), sum(t_unpaid) from customer_trans where (t_type = 'Invoice') and (t_unpaid > 0)
Execute: select count(*), sum(t_unpaid) from customer_trans where (t_type = 'Invoice') and (t_unpaid > 0)
Prepare: Select sum(t_amount )from customer_trans where (t_type = 'Payment')
Execute: Select sum(t_amount )from customer_trans where (t_type = 'Payment')
Close connection
Open connection: "Data Source="C:\Vectra\Data\PROD.db3";"
Open connection: "Data Source="C:\Vectra\Data\PROD.db3";"
Prepare: Select sum(t_amount )from customer_trans where (t_type = 'Invoice')
Execute: Select sum(t_amount )from customer_trans where (t_type = 'Invoice')
Open connection: "Data Source="C:\Vectra\Data\PROD.db3";"
Connect: "Data Source="C:\Vectra\Data\PROD.db3";"
Open connection: "Data Source="C:\Vectra\Data\PROD.db3";"
Prepare: SELECT bus_names, bus_addr1, bus_addr2, bus_post_code, bus_phone, gl_sales, gl_sales_gst, gl_bank, gl_adj, gl_disc, StatementDate FROM configuration
Execute: SELECT bus_names, bus_addr1, bus_addr2, bus_post_code, bus_phone, gl_sales, gl_sales_gst, gl_bank, gl_adj, gl_disc, StatementDate FROM configuration
Close connection
Prepare: 
                        select acnt.t_week_of_year, 
                        sum(case when t_type = 'Invoice' then t_amount else 0 end) as invoice_amt,
                        sum(case when t_type = 'Payment' then t_amount else 0 end) as payment_amt
                        from customer_trans tran, acnt_period acnt
                        where t_type in ('Invoice', 'Payment')
                        and acnt.t_date = substr(tran.t_date,1,10)
                        group by acnt.t_date
Execute: 
                        select acnt.t_week_of_year, 
                        sum(case when t_type = 'Invoice' then t_amount else 0 end) as invoice_amt,
                        sum(case when t_type = 'Payment' then t_amount else 0 end) as payment_amt
                        from customer_trans tran, acnt_period acnt
                        where t_type in ('Invoice', 'Payment')
                        and acnt.t_date = substr(tran.t_date,1,10)
                        group by acnt.t_date
Prepare: Select acnt_period from configuration
Execute: Select acnt_period from configuration
Prepare: Select acnt_period from configuration
Execute: Select acnt_period from configuration
Prepare: select t_week_id from acnt_period 
                    where date('now','localtime') = t_date;
Execute: select t_week_id from acnt_period 
                    where date('now','localtime') = t_date;
Open connection: "Data Source="C:\Vectra\Data\PROD.db3";"
Open connection: "Data Source="C:\Vectra\Data\PROD.db3";"
Prepare: SELECT     cust_id, name_address_1, name_address_2, name_address_3, name_address_4, pcode, phone, contact_name, abn, credit_rating, notes, dunning, 
                      avg_payment, open_bal
FROM         customer
ORDER BY name_address_1
Execute: SELECT     cust_id, name_address_1, name_address_2, name_address_3, name_address_4, pcode, phone, contact_name, abn, credit_rating, notes, dunning, 
                      avg_payment, open_bal
FROM         customer
ORDER BY name_address_1
Close connection
Open connection: "Data Source="C:\Vectra\Data\PROD.db3";"
Open connection: "Data Source="C:\Vectra\Data\PROD.db3";"
Prepare: SELECT cust_id, curAmt, days7, days14, days21, Owing, open_bal FROM debtors_summary
Execute: SELECT cust_id, curAmt, days7, days14, days21, Owing, open_bal FROM debtors_summary
Close connection
Open connection: "Data Source="C:\Vectra\Data\PROD.db3";"
Open connection: "Data Source="C:\Vectra\Data\PROD.db3";"
Prepare: SELECT     recpt_number, amount, recpt_date, invoice_number, cust_id, invoice_key
FROM         INVOICE_RECIEPTS
Execute: SELECT     recpt_number, amount, recpt_date, invoice_number, cust_id, invoice_key
FROM         INVOICE_RECIEPTS
Close connection
Open connection: "Data Source="C:\Vectra\Data\PROD.db3";"
Open connection: "Data Source="C:\Vectra\Data\PROD.db3";"
Prepare: SELECT invoice_number, cust_id, docket_number, notes, text_fully_paid, invoice_amount, invoice_unpaid, invoice_locked, recent_payment, invoice_date, sort_date FROM INVOICE_HEADER
Execute: SELECT invoice_number, cust_id, docket_number, notes, text_fully_paid, invoice_amount, invoice_unpaid, invoice_locked, recent_payment, invoice_date, sort_date FROM INVOICE_HEADER
Close connection
Open connection: "Data Source="C:\Vectra\Data\PROD.db3";"
Open connection: "Data Source="C:\Vectra\Data\PROD.db3";"
Prepare: SELECT     t_id, t_type, t_cust_id, t_src_id, t_ref_id, t_date, t_note, t_timestamp, t_amount, t_unpaid, t_no_print, t_finished, t_week_id, t_src_dckt_id
FROM         customer_trans
Execute: SELECT     t_id, t_type, t_cust_id, t_src_id, t_ref_id, t_date, t_note, t_timestamp, t_amount, t_unpaid, t_no_print, t_finished, t_week_id, t_src_dckt_id
FROM         customer_trans
Close connection
Open connection: "Data Source="C:\Vectra\Data\PROD.db3";"
Open connection: "Data Source="C:\Vectra\Data\PROD.db3";"
Prepare: SELECT     cust_id, name_address_1, name_address_2, name_address_3, name_address_4, pcode, phone, contact_name, abn, credit_rating, notes, dunning, 
                      avg_payment, open_bal
FROM         customer
ORDER BY name_address_1
Execute: SELECT     cust_id, name_address_1, name_address_2, name_address_3, name_address_4, pcode, phone, contact_name, abn, credit_rating, notes, dunning, 
                      avg_payment, open_bal
FROM         customer
ORDER BY name_address_1
Close connection
Open connection: "Data Source="C:\Vectra\Data\PROD.db3";"
Open connection: "Data Source="C:\Vectra\Data\PROD.db3";"
Prepare: SELECT     recpt_number, amount, recpt_date, invoice_number, cust_id, invoice_key
FROM         INVOICE_RECIEPTS
WHERE     (recpt_number = $1)
Execute: SELECT     recpt_number, amount, recpt_date, invoice_number, cust_id, invoice_key
FROM         INVOICE_RECIEPTS
WHERE     (recpt_number = $1)
Close connection
Open connection: "Data Source="C:\Vectra\Data\PROD.db3";"
Open connection: "Data Source="C:\Vectra\Data\PROD.db3";"
Prepare: Update invoice_header set invoice_unpaid = invoice_unpaid + 1 where invoice_number = '1000'
Execute: Update invoice_header set invoice_unpaid = invoice_unpaid + 1 where invoice_number = '1000'
Close connection
Open connection: "Data Source="C:\Vectra\Data\PROD.db3";"
Open connection: "Data Source="C:\Vectra\Data\PROD.db3";"
Prepare: Update customer_trans set t_unpaid = t_unpaid + 1 where t_src_id = '1000'
Execute: Update customer_trans set t_unpaid = t_unpaid + 1 where t_src_id = '1000'
Close connection
Open connection: "Data Source="C:\Vectra\Data\PROD.db3";"
Open connection: "Data Source="C:\Vectra\Data\PROD.db3";"
Prepare: Delete from customer_trans where t_id = '25'
Execute: Delete from customer_trans where t_id = '25'
Close connection
Open connection: "Data Source="C:\Vectra\Data\PROD.db3";"
Open connection: "Data Source="C:\Vectra\Data\PROD.db3";"
Prepare: Delete from iNVOICE_RECIEPTS where recpt_number = '25'
Execute: Delete from iNVOICE_RECIEPTS where recpt_number = '25'
Close connection
Open connection: "Data Source="C:\Vectra\Data\PROD.db3";"
Open connection: "Data Source="C:\Vectra\Data\PROD.db3";"
Prepare: SELECT     t_id, t_type, t_cust_id, t_src_id, t_ref_id, t_date, t_note, t_timestamp, t_amount, t_unpaid, t_no_print, t_finished, t_week_id, t_src_dckt_id
FROM         customer_trans
Execute: SELECT     t_id, t_type, t_cust_id, t_src_id, t_ref_id, t_date, t_note, t_timestamp, t_amount, t_unpaid, t_no_print, t_finished, t_week_id, t_src_dckt_id
FROM         customer_trans
Close connection
Open connection: "Data Source="C:\Vectra\Data\PROD.db3";"
Open connection: "Data Source="C:\Vectra\Data\PROD.db3";"
Prepare: SELECT invoice_number, cust_id, docket_number, notes, text_fully_paid, invoice_amount, invoice_unpaid, invoice_locked, recent_payment, invoice_date, sort_date FROM INVOICE_HEADER
Execute: SELECT invoice_number, cust_id, docket_number, notes, text_fully_paid, invoice_amount, invoice_unpaid, invoice_locked, recent_payment, invoice_date, sort_date FROM INVOICE_HEADER
Close connection
Open connection: "Data Source="C:\Vectra\Data\PROD.db3";"
Open connection: "Data Source="C:\Vectra\Data\PROD.db3";"
Prepare: SELECT     t_id, t_type, t_cust_id, t_src_id, t_ref_id, t_date, t_note, t_timestamp, t_amount, t_unpaid, t_no_print, t_finished, t_week_id, t_src_dckt_id
FROM         customer_trans
Execute: SELECT     t_id, t_type, t_cust_id, t_src_id, t_ref_id, t_date, t_note, t_timestamp, t_amount, t_unpaid, t_no_print, t_finished, t_week_id, t_src_dckt_id
FROM         customer_trans
Close connection
Open connection: "Data Source="C:\Vectra\Data\PROD.db3";"
Open connection: "Data Source="C:\Vectra\Data\PROD.db3";"
Prepare: SELECT type_id, "desc" FROM "main".product_type
Execute: SELECT type_id, "desc" FROM "main".product_type
Close connection
Open connection: "Data Source="C:\Vectra\Data\PROD.db3";"
Open connection: "Data Source="C:\Vectra\Data\PROD.db3";"
Prepare: SELECT prod_id, "desc", percent_carcass, type_id, gst FROM "main".products
Execute: SELECT prod_id, "desc", percent_carcass, type_id, gst FROM "main".products
Close connection
Open connection: "Data Source="C:\Vectra\Data\PROD.db3";"
Open connection: "Data Source="C:\Vectra\Data\PROD.db3";"
Prepare: SELECT invoice_number, line_number, prod_id, qty, weight, rate, gst_value, amount, qty_rate FROM invoice_items
Execute: SELECT invoice_number, line_number, prod_id, qty, weight, rate, gst_value, amount, qty_rate FROM invoice_items
Close connection
Open connection: "Data Source="C:\Vectra\Data\PROD.db3";"
Open connection: "Data Source="C:\Vectra\Data\PROD.db3";"
Prepare: SELECT     cust_id, name_address_1, name_address_2, name_address_3, name_address_4, pcode, phone, contact_name, abn, credit_rating, notes, dunning, 
                      avg_payment, open_bal
FROM         customer
ORDER BY name_address_1
Execute: SELECT     cust_id, name_address_1, name_address_2, name_address_3, name_address_4, pcode, phone, contact_name, abn, credit_rating, notes, dunning, 
                      avg_payment, open_bal
FROM         customer
ORDER BY name_address_1
Close connection
Open connection: "Data Source="C:\Vectra\Data\PROD.db3";"
Open connection: "Data Source="C:\Vectra\Data\PROD.db3";"
Prepare: SELECT invoice_number, cust_id, docket_number, notes, text_fully_paid, invoice_amount, invoice_unpaid, invoice_locked, recent_payment, invoice_date, sort_date FROM INVOICE_HEADER
Execute: SELECT invoice_number, cust_id, docket_number, notes, text_fully_paid, invoice_amount, invoice_unpaid, invoice_locked, recent_payment, invoice_date, sort_date FROM INVOICE_HEADER
Close connection
Open connection: "Data Source="C:\Vectra\Data\PROD.db3";"
Open connection: "Data Source="C:\Vectra\Data\PROD.db3";"
Prepare: SELECT     t_id, t_type, t_cust_id, t_src_id, t_ref_id, t_date, t_note, t_timestamp, t_amount, t_unpaid, t_no_print, t_finished, t_week_id, t_src_dckt_id
FROM         customer_trans
Execute: SELECT     t_id, t_type, t_cust_id, t_src_id, t_ref_id, t_date, t_note, t_timestamp, t_amount, t_unpaid, t_no_print, t_finished, t_week_id, t_src_dckt_id
FROM         customer_trans
Close connection
Open connection: "Data Source="C:\Vectra\Data\PROD.db3";"
Open connection: "Data Source="C:\Vectra\Data\PROD.db3";"
Prepare: SELECT invoice_number, cust_id, docket_number, notes, text_fully_paid, invoice_amount, invoice_unpaid, invoice_locked, recent_payment, invoice_date, sort_date FROM INVOICE_HEADER
Execute: SELECT invoice_number, cust_id, docket_number, notes, text_fully_paid, invoice_amount, invoice_unpaid, invoice_locked, recent_payment, invoice_date, sort_date FROM INVOICE_HEADER
Close connection
Open connection: "Data Source="C:\Vectra\Data\PROD.db3";"
Open connection: "Data Source="C:\Vectra\Data\PROD.db3";"
Prepare: SELECT     recpt_number, amount, recpt_date, invoice_number, cust_id, invoice_key
FROM         INVOICE_RECIEPTS
WHERE     (recpt_number = $1)
Execute: SELECT     recpt_number, amount, recpt_date, invoice_number, cust_id, invoice_key
FROM         INVOICE_RECIEPTS
WHERE     (recpt_number = $1)
Close connection
Open connection: "Data Source="C:\Vectra\Data\PROD.db3";"
Open connection: "Data Source="C:\Vectra\Data\PROD.db3";"
Prepare: Update invoice_header set invoice_unpaid = invoice_unpaid + 1 where invoice_number = '1000'
Execute: Update invoice_header set invoice_unpaid = invoice_unpaid + 1 where invoice_number = '1000'
Close connection
Open connection: "Data Source="C:\Vectra\Data\PROD.db3";"
Open connection: "Data Source="C:\Vectra\Data\PROD.db3";"
Prepare: Update customer_trans set t_unpaid = t_unpaid + 1 where t_src_id = '1000'
Execute: Update customer_trans set t_unpaid = t_unpaid + 1 where t_src_id = '1000'
Close connection
Open connection: "Data Source="C:\Vectra\Data\PROD.db3";"
Open connection: "Data Source="C:\Vectra\Data\PROD.db3";"
Prepare: Delete from customer_trans where t_id = '22'
Execute: Delete from customer_trans where t_id = '22'
Close connection
Open connection: "Data Source="C:\Vectra\Data\PROD.db3";"
Open connection: "Data Source="C:\Vectra\Data\PROD.db3";"
Prepare: Delete from iNVOICE_RECIEPTS where recpt_number = '22'
Execute: Delete from iNVOICE_RECIEPTS where recpt_number = '22'
Close connection
Open connection: "Data Source="C:\Vectra\Data\PROD.db3";"
Open connection: "Data Source="C:\Vectra\Data\PROD.db3";"
Prepare: SELECT     t_id, t_type, t_cust_id, t_src_id, t_ref_id, t_date, t_note, t_timestamp, t_amount, t_unpaid, t_no_print, t_finished, t_week_id, t_src_dckt_id
FROM         customer_trans
Execute: SELECT     t_id, t_type, t_cust_id, t_src_id, t_ref_id, t_date, t_note, t_timestamp, t_amount, t_unpaid, t_no_print, t_finished, t_week_id, t_src_dckt_id
FROM         customer_trans
Close connection
Open connection: "Data Source="C:\Vectra\Data\PROD.db3";"
Open connection: "Data Source="C:\Vectra\Data\PROD.db3";"
Prepare: SELECT invoice_number, cust_id, docket_number, notes, text_fully_paid, invoice_amount, invoice_unpaid, invoice_locked, recent_payment, invoice_date, sort_date FROM INVOICE_HEADER
Execute: SELECT invoice_number, cust_id, docket_number, notes, text_fully_paid, invoice_amount, invoice_unpaid, invoice_locked, recent_payment, invoice_date, sort_date FROM INVOICE_HEADER
Close connection
Open connection: "Data Source="C:\Vectra\Data\PROD.db3";"
Open connection: "Data Source="C:\Vectra\Data\PROD.db3";"
Prepare: SELECT     recpt_number, amount, recpt_date, invoice_number, cust_id, invoice_key
FROM         INVOICE_RECIEPTS
WHERE     (recpt_number = $1)
Execute: SELECT     recpt_number, amount, recpt_date, invoice_number, cust_id, invoice_key
FROM         INVOICE_RECIEPTS
WHERE     (recpt_number = $1)
Close connection
Open connection: "Data Source="C:\Vectra\Data\PROD.db3";"
Open connection: "Data Source="C:\Vectra\Data\PROD.db3";"
Prepare: Update invoice_header set invoice_unpaid = invoice_unpaid + 1 where invoice_number = '1000'
Execute: Update invoice_header set invoice_unpaid = invoice_unpaid + 1 where invoice_number = '1000'
Close connection
Open connection: "Data Source="C:\Vectra\Data\PROD.db3";"
Open connection: "Data Source="C:\Vectra\Data\PROD.db3";"
Prepare: Update customer_trans set t_unpaid = t_unpaid + 1 where t_src_id = '1000'
Execute: Update customer_trans set t_unpaid = t_unpaid + 1 where t_src_id = '1000'
Close connection
Open connection: "Data Source="C:\Vectra\Data\PROD.db3";"
Open connection: "Data Source="C:\Vectra\Data\PROD.db3";"
Prepare: Delete from customer_trans where t_id = '23'
Execute: Delete from customer_trans where t_id = '23'
Close connection
Open connection: "Data Source="C:\Vectra\Data\PROD.db3";"
Open connection: "Data Source="C:\Vectra\Data\PROD.db3";"
Prepare: Delete from iNVOICE_RECIEPTS where recpt_number = '23'
Execute: Delete from iNVOICE_RECIEPTS where recpt_number = '23'
Close connection
Open connection: "Data Source="C:\Vectra\Data\PROD.db3";"
Open connection: "Data Source="C:\Vectra\Data\PROD.db3";"
Prepare: SELECT     t_id, t_type, t_cust_id, t_src_id, t_ref_id, t_date, t_note, t_timestamp, t_amount, t_unpaid, t_no_print, t_finished, t_week_id, t_src_dckt_id
FROM         customer_trans
Execute: SELECT     t_id, t_type, t_cust_id, t_src_id, t_ref_id, t_date, t_note, t_timestamp, t_amount, t_unpaid, t_no_print, t_finished, t_week_id, t_src_dckt_id
FROM         customer_trans
Close connection
Open connection: "Data Source="C:\Vectra\Data\PROD.db3";"
Open connection: "Data Source="C:\Vectra\Data\PROD.db3";"
Prepare: SELECT invoice_number, cust_id, docket_number, notes, text_fully_paid, invoice_amount, invoice_unpaid, invoice_locked, recent_payment, invoice_date, sort_date FROM INVOICE_HEADER
Execute: SELECT invoice_number, cust_id, docket_number, notes, text_fully_paid, invoice_amount, invoice_unpaid, invoice_locked, recent_payment, invoice_date, sort_date FROM INVOICE_HEADER
Close connection
Open connection: "Data Source="C:\Vectra\Data\PROD.db3";"
Open connection: "Data Source="C:\Vectra\Data\PROD.db3";"
Prepare: SELECT     recpt_number, amount, recpt_date, invoice_number, cust_id, invoice_key
FROM         INVOICE_RECIEPTS
WHERE     (recpt_number = $1)
Execute: SELECT     recpt_number, amount, recpt_date, invoice_number, cust_id, invoice_key
FROM         INVOICE_RECIEPTS
WHERE     (recpt_number = $1)
Close connection
Open connection: "Data Source="C:\Vectra\Data\PROD.db3";"
Open connection: "Data Source="C:\Vectra\Data\PROD.db3";"
Prepare: Update invoice_header set invoice_unpaid = invoice_unpaid + 2 where invoice_number = '1000'
Execute: Update invoice_header set invoice_unpaid = invoice_unpaid + 2 where invoice_number = '1000'
Close connection
Open connection: "Data Source="C:\Vectra\Data\PROD.db3";"
Open connection: "Data Source="C:\Vectra\Data\PROD.db3";"
Prepare: Update customer_trans set t_unpaid = t_unpaid + 2 where t_src_id = '1000'
Execute: Update customer_trans set t_unpaid = t_unpaid + 2 where t_src_id = '1000'
Close connection
Open connection: "Data Source="C:\Vectra\Data\PROD.db3";"
Open connection: "Data Source="C:\Vectra\Data\PROD.db3";"
Prepare: Delete from customer_trans where t_id = '24'
Execute: Delete from customer_trans where t_id = '24'
Close connection
Open connection: "Data Source="C:\Vectra\Data\PROD.db3";"
Open connection: "Data Source="C:\Vectra\Data\PROD.db3";"
Prepare: Delete from iNVOICE_RECIEPTS where recpt_number = '24'
Execute: Delete from iNVOICE_RECIEPTS where recpt_number = '24'
Close connection
Open connection: "Data Source="C:\Vectra\Data\PROD.db3";"
Open connection: "Data Source="C:\Vectra\Data\PROD.db3";"
Prepare: SELECT     t_id, t_type, t_cust_id, t_src_id, t_ref_id, t_date, t_note, t_timestamp, t_amount, t_unpaid, t_no_print, t_finished, t_week_id, t_src_dckt_id
FROM         customer_trans
Execute: SELECT     t_id, t_type, t_cust_id, t_src_id, t_ref_id, t_date, t_note, t_timestamp, t_amount, t_unpaid, t_no_print, t_finished, t_week_id, t_src_dckt_id
FROM         customer_trans
Close connection
Open connection: "Data Source="C:\Vectra\Data\PROD.db3";"
Open connection: "Data Source="C:\Vectra\Data\PROD.db3";"
Prepare: SELECT invoice_number, cust_id, docket_number, notes, text_fully_paid, invoice_amount, invoice_unpaid, invoice_locked, recent_payment, invoice_date, sort_date FROM INVOICE_HEADER
Execute: SELECT invoice_number, cust_id, docket_number, notes, text_fully_paid, invoice_amount, invoice_unpaid, invoice_locked, recent_payment, invoice_date, sort_date FROM INVOICE_HEADER
Close connection
Open connection: "Data Source="C:\Vectra\Data\PROD.db3";"
Open connection: "Data Source="C:\Vectra\Data\PROD.db3";"
Prepare: SELECT     recpt_number, amount, recpt_date, invoice_number, cust_id, invoice_key
FROM         INVOICE_RECIEPTS
Execute: SELECT     recpt_number, amount, recpt_date, invoice_number, cust_id, invoice_key
FROM         INVOICE_RECIEPTS
Close connection
Open connection: "Data Source="C:\Vectra\Data\PROD.db3";"
Open connection: "Data Source="C:\Vectra\Data\PROD.db3";"
Prepare: SELECT cust_id, docket_number, invoice_amount, invoice_date, invoice_locked, invoice_number, invoice_unpaid, notes, recent_payment, text_fully_paid, sort_date FROM INVOICE_HEADER WHERE (cust_id = $1) AND (invoice_unpaid > 0) ORDER BY sort_date
Execute: SELECT cust_id, docket_number, invoice_amount, invoice_date, invoice_locked, invoice_number, invoice_unpaid, notes, recent_payment, text_fully_paid, sort_date FROM INVOICE_HEADER WHERE (cust_id = $1) AND (invoice_unpaid > 0) ORDER BY sort_date
Close connection
Open connection: "Data Source="C:\Vectra\Data\PROD.db3";"
Open connection: "Data Source="C:\Vectra\Data\PROD.db3";"
Prepare: SELECT     t_id, t_type, t_cust_id, t_src_id, t_ref_id, t_date, t_note, t_timestamp, t_amount, t_unpaid, t_no_print, t_finished, t_week_id, t_src_dckt_id
FROM         customer_trans
Execute: SELECT     t_id, t_type, t_cust_id, t_src_id, t_ref_id, t_date, t_note, t_timestamp, t_amount, t_unpaid, t_no_print, t_finished, t_week_id, t_src_dckt_id
FROM         customer_trans
Close connection
Open connection: "Data Source="C:\Vectra\Data\PROD.db3";"
Open connection: "Data Source="C:\Vectra\Data\PROD.db3";"
Open connection: "Data Source="C:\Vectra\Data\PROD.db3";"
Connect: "Data Source="C:\Vectra\Data\PROD.db3";"
Open connection: "Data Source="C:\Vectra\Data\PROD.db3";"
Prepare: SELECT     acnt_period
FROM         configuration
Execute: SELECT     acnt_period
FROM         configuration
Close connection
Open connection: "Data Source="C:\Vectra\Data\PROD.db3";"
Open connection: "Data Source="C:\Vectra\Data\PROD.db3";"
Prepare: BEGIN DEFERRED
Execute: BEGIN DEFERRED
Prepare: INSERT INTO "main"."INVOICE_RECIEPTS" ("recpt_number", "amount", "recpt_date", "invoice_number", "cust_id", "invoice_key") VALUES ($1, $2, $3, $4, $5, $6)
Execute: INSERT INTO "main"."INVOICE_RECIEPTS" ("recpt_number", "amount", "recpt_date", "invoice_number", "cust_id", "invoice_key") VALUES ($1, $2, $3, $4, $5, $6)
Prepare: INSERT INTO "main"."customer_trans" ("t_id", "t_type", "t_cust_id", "t_src_id", "t_ref_id", "t_date", "t_note", "t_timestamp", "t_amount", "t_unpaid", "t_no_print", "t_finished", "t_week_id", "t_src_dckt_id") VALUES ($1, $2, $3, $4, $5, $6, $7, $8, $9, $10, $11, $12, $13, $14)
Execute: INSERT INTO "main"."customer_trans" ("t_id", "t_type", "t_cust_id", "t_src_id", "t_ref_id", "t_date", "t_note", "t_timestamp", "t_amount", "t_unpaid", "t_no_print", "t_finished", "t_week_id", "t_src_dckt_id") VALUES ($1, $2, $3, $4, $5, $6, $7, $8, $9, $10, $11, $12, $13, $14)
Prepare: UPDATE "main"."INVOICE_HEADER" SET "invoice_number" = $1, "cust_id" = $2, "docket_number" = $3, "notes" = $4, "text_fully_paid" = $5, "invoice_amount" = $6, "invoice_unpaid" = $7, "invoice_locked" = $8, "recent_payment" = $9, "invoice_date" = $10, "sort_date" = $11 WHERE (("invoice_number" = $12) AND (($13 = 1 AND "cust_id" IS NULL) OR ("cust_id" = $14)) AND (($15 = 1 AND "docket_number" IS NULL) OR ("docket_number" = $16)) AND (($17 = 1 AND "notes" IS NULL) OR ("notes" = $18)) AND (($19 = 1 AND "text_fully_paid" IS NULL) OR ("text_fully_paid" = $20)) AND (($21 = 1 AND "invoice_amount" IS NULL) OR ("invoice_amount" = $22)) AND (($23 = 1 AND "invoice_unpaid" IS NULL) OR ("invoice_unpaid" = $24)) AND (($25 = 1 AND "invoice_locked" IS NULL) OR ("invoice_locked" = $26)) AND (($27 = 1 AND "recent_payment" IS NULL) OR ("recent_payment" = $28)) AND (($29 = 1 AND "invoice_date" IS NULL) OR ("invoice_date" = $30)) AND (($31 = 1 AND "sort_date" IS NULL) OR ("sort_date" = $32)))
Execute: UPDATE "main"."INVOICE_HEADER" SET "invoice_number" = $1, "cust_id" = $2, "docket_number" = $3, "notes" = $4, "text_fully_paid" = $5, "invoice_amount" = $6, "invoice_unpaid" = $7, "invoice_locked" = $8, "recent_payment" = $9, "invoice_date" = $10, "sort_date" = $11 WHERE (("invoice_number" = $12) AND (($13 = 1 AND "cust_id" IS NULL) OR ("cust_id" = $14)) AND (($15 = 1 AND "docket_number" IS NULL) OR ("docket_number" = $16)) AND (($17 = 1 AND "notes" IS NULL) OR ("notes" = $18)) AND (($19 = 1 AND "text_fully_paid" IS NULL) OR ("text_fully_paid" = $20)) AND (($21 = 1 AND "invoice_amount" IS NULL) OR ("invoice_amount" = $22)) AND (($23 = 1 AND "invoice_unpaid" IS NULL) OR ("invoice_unpaid" = $24)) AND (($25 = 1 AND "invoice_locked" IS NULL) OR ("invoice_locked" = $26)) AND (($27 = 1 AND "recent_payment" IS NULL) OR ("recent_payment" = $28)) AND (($29 = 1 AND "invoice_date" IS NULL) OR ("invoice_date" = $30)) AND (($31 = 1 AND "sort_date" IS NULL) OR ("sort_date" = $32)))
Commit
Prepare: COMMIT
Execute: COMMIT
Close connection
Open connection: "Data Source="C:\Vectra\Data\PROD.db3";"
Open connection: "Data Source="C:\Vectra\Data\PROD.db3";"
Prepare: SELECT     acnt_period
FROM         configuration
Execute: SELECT     acnt_period
FROM         configuration
Close connection
Prepare: update customer_trans 
                            set t_unpaid =  14, t_week_id = 201331 where t_type = 'Invoice' and t_cust_id = 585 and t_src_id = 1000
Execute: update customer_trans 
                            set t_unpaid =  14, t_week_id = 201331 where t_type = 'Invoice' and t_cust_id = 585 and t_src_id = 1000
Close connection
Open connection: "Data Source="C:\Vectra\Data\PROD.db3";"
Open connection: "Data Source="C:\Vectra\Data\PROD.db3";"
Prepare: SELECT     cust_id, name_address_1, name_address_2, name_address_3, name_address_4, pcode, phone, contact_name, abn, credit_rating, notes, dunning, 
                      avg_payment, open_bal
FROM         customer
ORDER BY name_address_1
Execute: SELECT     cust_id, name_address_1, name_address_2, name_address_3, name_address_4, pcode, phone, contact_name, abn, credit_rating, notes, dunning, 
                      avg_payment, open_bal
FROM         customer
ORDER BY name_address_1
Close connection
Open connection: "Data Source="C:\Vectra\Data\PROD.db3";"
Open connection: "Data Source="C:\Vectra\Data\PROD.db3";"
Prepare: Update INVOICE_HEADER set recent_payment = 0 where recent_payment > 0
Execute: Update INVOICE_HEADER set recent_payment = 0 where recent_payment > 0
Close connection
Open connection: "Data Source="C:\Vectra\Data\PROD.db3";"
Open connection: "Data Source="C:\Vectra\Data\PROD.db3";"
Prepare: SELECT     t_id, t_type, t_cust_id, t_src_id, t_ref_id, t_date, t_note, t_timestamp, t_amount, t_unpaid, t_no_print, t_finished, t_week_id, t_src_dckt_id
FROM         customer_trans
Execute: SELECT     t_id, t_type, t_cust_id, t_src_id, t_ref_id, t_date, t_note, t_timestamp, t_amount, t_unpaid, t_no_print, t_finished, t_week_id, t_src_dckt_id
FROM         customer_trans
Close connection
Open connection: "Data Source="C:\Vectra\Data\PROD.db3";"
Open connection: "Data Source="C:\Vectra\Data\PROD.db3";"
Prepare: SELECT invoice_number, cust_id, docket_number, notes, text_fully_paid, invoice_amount, invoice_unpaid, invoice_locked, recent_payment, invoice_date, sort_date FROM INVOICE_HEADER
Execute: SELECT invoice_number, cust_id, docket_number, notes, text_fully_paid, invoice_amount, invoice_unpaid, invoice_locked, recent_payment, invoice_date, sort_date FROM INVOICE_HEADER
Close connection
